// String patches

// #define IDS_MAIN_PREVIEWSHELP           400
// #define IDS_MAIN_CUSTOMHELP             530
// #define IDS_MAIN_RETURNHELP             188
// #define IDS_MAIN_NEWGAMEHELP            189
// #define IDS_MAIN_TRAININGHELP           190
// #define IDS_MAIN_LOADHELP               191
// #define IDS_MAIN_LOADSAVEHELP           192
// #define IDS_MAIN_CONFIGUREHELP          193
// #define IDS_MAIN_READMEHELP             194
// #define IDS_MAIN_ORDERHELP              195
// #define IDS_MAIN_QUITHELP               196
// #define IDS_MAIN_QUICKHELP              197
// #define IDS_MAIN_MULTIPLAYERHELP        198
// #define IDS_MAIN_QUITPROMPTINGAME       235
// #define IDS_MAIN_QUITPROMPT             236

402 " "
400 " "
530 " "
188 " "
189 " "
190 " "
191 " "
192 " "
193 " "
194 " "
196 " "
198 " "
235 " "
236 " "
234 " "
338 " "
340 " "
